Build started 7/21/2014 8:30:00 PM.
     1>Project "C:\Users\Ryan\Documents\GitHub\TankGame\TankGame\TankGame\TankGame.vcxproj" on node 2 (Build target(s)).
     1>ClCompile:
         C:\Program Files (x86)\Microsoft Visual Studio 12.0\VC\bin\CL.exe /c /ZI /nologo /W3 /WX- /sdl /Od /Oy- /D WIN32 /D _DEBUG /D _WINDOWS /D _UNICODE /D UNICODE /Gm /EHsc /RTC1 /MDd /GS /fp:precise /Zc:wchar_t /Zc:forScope /Fo"Debug\\" /Fd"Debug\vc120.pdb" /Gd /TP /analyze- /errorReport:prompt ExampleGame.cpp
         ExampleGame.cpp
     1>c:\users\ryan\documents\github\tankgame\tankgame\tankgame\examplegame.cpp(49): warning C4244: 'argument' : conversion from 'int' to 'float', possible loss of data
     1>c:\users\ryan\documents\github\tankgame\tankgame\tankgame\examplegame.cpp(61): warning C4244: 'argument' : conversion from 'int' to 'float', possible loss of data
     1>c:\users\ryan\documents\github\tankgame\tankgame\tankgame\examplegame.cpp(198): warning C4244: 'initializing' : conversion from 'float' to 'Uint16', possible loss of data
     1>c:\users\ryan\documents\github\tankgame\tankgame\tankgame\examplegame.cpp(200): warning C4244: 'initializing' : conversion from 'float' to 'Uint16', possible loss of data
     1>c:\users\ryan\documents\github\tankgame\tankgame\tankgame\examplegame.cpp(202): warning C4244: 'initializing' : conversion from 'float' to 'Uint16', possible loss of data
     1>c:\users\ryan\documents\github\tankgame\tankgame\tankgame\examplegame.cpp(204): warning C4244: 'initializing' : conversion from 'float' to 'Uint16', possible loss of data
     1>c:\users\ryan\documents\github\tankgame\tankgame\tankgame\examplegame.cpp(223): warning C4018: '<' : signed/unsigned mismatch
     1>c:\users\ryan\documents\github\tankgame\tankgame\tankgame\examplegame.cpp(238): warning C4244: '=' : conversion from 'const float' to 'Sint16', possible loss of data
     1>c:\users\ryan\documents\github\tankgame\tankgame\tankgame\examplegame.cpp(239): warning C4244: '=' : conversion from 'const float' to 'Sint16', possible loss of data
     1>c:\users\ryan\documents\github\tankgame\tankgame\tankgame\examplegame.cpp(272): warning C4244: '=' : conversion from 'float' to 'Sint16', possible loss of data
     1>c:\users\ryan\documents\github\tankgame\tankgame\tankgame\examplegame.cpp(273): warning C4244: '=' : conversion from 'float' to 'Sint16', possible loss of data
       Link:
         C:\Program Files (x86)\Microsoft Visual Studio 12.0\VC\bin\link.exe /ERRORREPORT:PROMPT /OUT:"C:\Users\Ryan\Documents\GitHub\TankGame\TankGame\Debug\TankGame.exe" /INCREMENTAL /NOLOGO kernel32.lib user32.lib gdi32.lib winspool.lib comdlg32.lib advapi32.lib shell32.lib ole32.lib oleaut32.lib uuid.lib odbc32.lib odbccp32.lib /MANIFEST /MANIFESTUAC:"level='asInvoker' uiAccess='false'" /manifest:embed /DEBUG /PDB:"C:\Users\Ryan\Documents\GitHub\TankGame\TankGame\Debug\TankGame.pdb" /SUBSYSTEM:WINDOWS /TLBID:1 /DYNAMICBASE /NXCOMPAT /IMPLIB:"C:\Users\Ryan\Documents\GitHub\TankGame\TankGame\Debug\TankGame.lib" /MACHINE:X86 Debug\Character.obj
         Debug\ExampleGame.obj
         Debug\Game.obj
         Debug\Level.obj
         Debug\main.obj
         Debug\MathUtils.obj
         Debug\Player.obj
         Debug\Sprite.obj
         Debug\SpriteAnimation.obj
     1>Character.obj : error LNK2019: unresolved external symbol _IMG_Load referenced in function "protected: void __thiscall Character::processDataFile(class std::basic_ifstream<char,struct std::char_traits<char> > &)" (?processDataFile@Character@@IAEXAAV?$basic_ifstream@DU?$char_traits@D@std@@@std@@@Z)
     1>ExampleGame.obj : error LNK2001: unresolved external symbol _IMG_Load
     1>Level.obj : error LNK2001: unresolved external symbol _IMG_Load
     1>ExampleGame.obj : error LNK2019: unresolved external symbol _SDL_UpperBlit referenced in function "protected: void __thiscall ExampleGame::drawLevel(void)" (?drawLevel@ExampleGame@@IAEXXZ)
     1>Sprite.obj : error LNK2001: unresolved external symbol _SDL_UpperBlit
     1>Game.obj : error LNK2019: unresolved external symbol _SDL_GetError referenced in function "public: void __thiscall Game::InitSDL(void)" (?InitSDL@Game@@QAEXXZ)
     1>Game.obj : error LNK2019: unresolved external symbol _SDL_SetVideoMode referenced in function "public: void __thiscall Game::InitSDL(void)" (?InitSDL@Game@@QAEXXZ)
     1>Game.obj : error LNK2019: unresolved external symbol _SDL_Flip referenced in function "protected: virtual void __thiscall Game::draw(void)" (?draw@Game@@MAEXXZ)
     1>Game.obj : error LNK2019: unresolved external symbol _SDL_MapRGB referenced in function "public: void __thiscall Game::InitSDL(void)" (?InitSDL@Game@@QAEXXZ)
     1>Game.obj : error LNK2019: unresolved external symbol _SDL_FillRect referenced in function "protected: void __thiscall Game::clearBackBuffer(void)" (?clearBackBuffer@Game@@IAEXXZ)
     1>Game.obj : error LNK2019: unresolved external symbol _SDL_PollEvent referenced in function "public: void __thiscall Game::Run(void)" (?Run@Game@@QAEXXZ)
     1>Game.obj : error LNK2019: unresolved external symbol _SDL_Init referenced in function "public: void __thiscall Game::InitSDL(void)" (?InitSDL@Game@@QAEXXZ)
     1>Game.obj : error LNK2019: unresolved external symbol _SDL_Quit referenced in function "public: void __thiscall Game::Clean(void)" (?Clean@Game@@QAEXXZ)
     1>Level.obj : error LNK2019: unresolved external symbol _SDL_FreeSurface referenced in function "public: __thiscall Level::~Level(void)" (??1Level@@QAE@XZ)
     1>SpriteAnimation.obj : error LNK2001: unresolved external symbol _SDL_FreeSurface
     1>Sprite.obj : error LNK2019: unresolved external symbol _SDL_SetAlpha referenced in function "public: virtual void __thiscall Sprite::Draw(struct SDL_Surface *)" (?Draw@Sprite@@UAEXPAUSDL_Surface@@@Z)
     1>MSVCRTD.lib(crtexew.obj) : error LNK2019: unresolved external symbol _WinMain@16 referenced in function ___tmainCRTStartup
     1>C:\Users\Ryan\Documents\GitHub\TankGame\TankGame\Debug\TankGame.exe : fatal error LNK1120: 13 unresolved externals
     1>Done Building Project "C:\Users\Ryan\Documents\GitHub\TankGame\TankGame\TankGame\TankGame.vcxproj" (Build target(s)) -- FAILED.

Build FAILED.

Time Elapsed 00:00:01.87
